<?xml version="1.0" encoding="UTF-8"?>
<testng-results skipped="0" failed="1" total="9" passed="8">
  <reporter-output>
  </reporter-output>
  <suite name="parallelsuite" duration-ms="168" started-at="2019-10-16T21:57:35Z" finished-at="2019-10-16T21:57:36Z">
    <groups>
      <group name="group2">
        <method signature="GmailLoginTests.doForgotPassword()[pri:0, instance:testngpackage3.GmailLoginTests@6574b225]" name="doForgotPassword" class="testngpackage3.GmailLoginTests"/>
        <method signature="GmailLoginTests.doResetPassword()[pri:0, instance:testngpackage3.GmailLoginTests@6574b225]" name="doResetPassword" class="testngpackage3.GmailLoginTests"/>
      </group> <!-- group2 -->
      <group name="group1">
        <method signature="GmailLoginTests.doLogin()[pri:0, instance:testngpackage3.GmailLoginTests@6574b225]" name="doLogin" class="testngpackage3.GmailLoginTests"/>
        <method signature="GmailLoginTests.doSignup()[pri:0, instance:testngpackage3.GmailLoginTests@6574b225]" name="doSignup" class="testngpackage3.GmailLoginTests"/>
      </group> <!-- group1 -->
    </groups>
    <test name="Chat Test" duration-ms="78" started-at="2019-10-16T21:57:35Z" finished-at="2019-10-16T21:57:36Z">
      <class name="testngpackage3.GmailChatTests">
        <test-method status="PASS" signature="doChat()[pri:0, instance:testngpackage3.GmailChatTests@56f4468b]" name="doChat" duration-ms="14" started-at="2019-10-16T22:57:35Z" finished-at="2019-10-16T22:57:35Z">
          <reporter-output>
          </reporter-output>
        </test-method> <!-- doChat -->
        <test-method status="PASS" signature="doGroupChat()[pri:0, instance:testngpackage3.GmailChatTests@56f4468b]" name="doGroupChat" duration-ms="3" started-at="2019-10-16T22:57:35Z" finished-at="2019-10-16T22:57:35Z">
          <reporter-output>
          </reporter-output>
        </test-method> <!-- doGroupChat -->
        <test-method status="PASS" signature="sendChatInvitation()[pri:0, instance:testngpackage3.GmailChatTests@56f4468b]" name="sendChatInvitation" duration-ms="3" started-at="2019-10-16T22:57:35Z" finished-at="2019-10-16T22:57:35Z">
          <reporter-output>
          </reporter-output>
        </test-method> <!-- sendChatInvitation -->
      </class> <!-- testngpackage3.GmailChatTests -->
    </test> <!-- Chat Test -->
    <test name="Login Test" duration-ms="100" started-at="2019-10-16T21:57:35Z" finished-at="2019-10-16T21:57:36Z">
      <class name="testngpackage3.GmailLoginTests">
        <test-method status="PASS" signature="doForgotPassword()[pri:0, instance:testngpackage3.GmailLoginTests@6574b225]" name="doForgotPassword" duration-ms="16" started-at="2019-10-16T22:57:35Z" finished-at="2019-10-16T22:57:35Z">
          <reporter-output>
          </reporter-output>
        </test-method> <!-- doForgotPassword -->
        <test-method status="PASS" signature="doLogin()[pri:0, instance:testngpackage3.GmailLoginTests@6574b225]" name="doLogin" duration-ms="1" started-at="2019-10-16T22:57:35Z" finished-at="2019-10-16T22:57:35Z">
          <reporter-output>
          </reporter-output>
        </test-method> <!-- doLogin -->
        <test-method status="PASS" signature="doResetPassword()[pri:0, instance:testngpackage3.GmailLoginTests@6574b225]" name="doResetPassword" duration-ms="2" started-at="2019-10-16T22:57:35Z" finished-at="2019-10-16T22:57:35Z">
          <reporter-output>
          </reporter-output>
        </test-method> <!-- doResetPassword -->
        <test-method status="FAIL" signature="doSignup()[pri:0, instance:testngpackage3.GmailLoginTests@6574b225]" name="doSignup" duration-ms="11" started-at="2019-10-16T22:57:35Z" finished-at="2019-10-16T22:57:36Z">
          <exception class="java.lang.AssertionError">
            <message>
              <![CDATA[expected [false] but found [true]]]>
            </message>
            <full-stacktrace>
              <![CDATA[java.lang.AssertionError: expected [false] but found [true]
	at org.testng.Assert.fail(Assert.java:94)
	at org.testng.Assert.failNotEquals(Assert.java:513)
	at org.testng.Assert.assertEqualsImpl(Assert.java:135)
	at org.testng.Assert.assertEquals(Assert.java:116)
	at org.testng.Assert.assertEquals(Assert.java:305)
	at org.testng.Assert.assertEquals(Assert.java:315)
	at testngpackage3.GmailLoginTests.doSignup(GmailLoginTests.java:32)
	at sun.reflect.NativeMethodAccessorImpl.invoke0(Native Method)
	at sun.reflect.NativeMethodAccessorImpl.invoke(Unknown Source)
	at sun.reflect.DelegatingMethodAccessorImpl.invoke(Unknown Source)
	at java.lang.reflect.Method.invoke(Unknown Source)
	at org.testng.internal.MethodInvocationHelper.invokeMethod(MethodInvocationHelper.java:100)
	at org.testng.internal.Invoker.invokeMethod(Invoker.java:646)
	at org.testng.internal.Invoker.invokeTestMethod(Invoker.java:811)
	at org.testng.internal.Invoker.invokeTestMethods(Invoker.java:1137)
	at org.testng.internal.TestMethodWorker.invokeTestMethods(TestMethodWorker.java:129)
	at org.testng.internal.TestMethodWorker.run(TestMethodWorker.java:112)
	at org.testng.TestRunner.privateRun(TestRunner.java:753)
	at org.testng.TestRunner.run(TestRunner.java:607)
	at org.testng.SuiteRunner.runTest(SuiteRunner.java:368)
	at org.testng.SuiteRunner.access$000(SuiteRunner.java:39)
	at org.testng.SuiteRunner$SuiteWorker.run(SuiteRunner.java:402)
	at org.testng.internal.thread.ThreadUtil$2.call(ThreadUtil.java:64)
	at java.util.concurrent.FutureTask.run(Unknown Source)
	at java.util.concurrent.ThreadPoolExecutor.runWorker(Unknown Source)
	at java.util.concurrent.ThreadPoolExecutor$Worker.run(Unknown Source)
	at java.lang.Thread.run(Unknown Source)
]]>
            </full-stacktrace>
          </exception> <!-- java.lang.AssertionError -->
          <reporter-output>
          </reporter-output>
        </test-method> <!-- doSignup -->
      </class> <!-- testngpackage3.GmailLoginTests -->
    </test> <!-- Login Test -->
    <test name="Email Test" duration-ms="14" started-at="2019-10-16T21:57:36Z" finished-at="2019-10-16T21:57:36Z">
      <class name="testngpackage3.GmailSendEmailTests">
        <test-method status="PASS" signature="sendAllEmail()[pri:0, instance:testngpackage3.GmailSendEmailTests@5034c75a]" name="sendAllEmail" duration-ms="2" started-at="2019-10-16T22:57:36Z" finished-at="2019-10-16T22:57:36Z">
          <reporter-output>
          </reporter-output>
        </test-method> <!-- sendAllEmail -->
        <test-method status="PASS" signature="sendEmail()[pri:0, instance:testngpackage3.GmailSendEmailTests@5034c75a]" name="sendEmail" duration-ms="4" started-at="2019-10-16T22:57:36Z" finished-at="2019-10-16T22:57:36Z">
          <reporter-output>
          </reporter-output>
        </test-method> <!-- sendEmail -->
      </class> <!-- testngpackage3.GmailSendEmailTests -->
    </test> <!-- Email Test -->
  </suite> <!-- parallelsuite -->
</testng-results>
